Using pre-set license
Built from 'HEAD' branch; Version is '2021.3.13f1c1 (07291ec823bf) revision 469278'; Using compiler version '192829333'; Build Type 'Release'
OS: 'Windows 10  (10.0.19045) 64bit Enterprise' Language: 'zh' Physical Memory: 16096 MB
BatchMode: 1, IsHumanControllingUs: 0, StartBugReporterOnCrash: 0, Is64bit: 1, IsPro: 1

COMMAND LINE ARGUMENTS:
E:\unity\2021.3.13f1c1\Editor\Unity.exe
-adb2
-batchMode
-noUpm
-name
AssetImportWorker0
-projectPath
D:/codehouse/unityprojet/Unity_Shader
-logFile
Logs/AssetImportWorker0.log
-srvPort
56288
Successfully changed project path to: D:/codehouse/unityprojet/Unity_Shader
D:/codehouse/unityprojet/Unity_Shader
[UnityMemory] Configuration Parameters - Can be set up in boot.config
    "memorysetup-bucket-allocator-granularity=16"
    "memorysetup-bucket-allocator-bucket-count=8"
    "memorysetup-bucket-allocator-block-size=33554432"
    "memorysetup-bucket-allocator-block-count=8"
    "memorysetup-main-allocator-block-size=16777216"
    "memorysetup-thread-allocator-block-size=16777216"
    "memorysetup-gfx-main-allocator-block-size=16777216"
    "memorysetup-gfx-thread-allocator-block-size=16777216"
    "memorysetup-cache-allocator-block-size=4194304"
    "memorysetup-typetree-allocator-block-size=2097152"
    "memorysetup-profiler-bucket-allocator-granularity=16"
    "memorysetup-profiler-bucket-allocator-bucket-count=8"
    "memorysetup-profiler-bucket-allocator-block-size=33554432"
    "memorysetup-profiler-bucket-allocator-block-count=8"
    "memorysetup-profiler-allocator-block-size=16777216"
    "memorysetup-profiler-editor-allocator-block-size=1048576"
    "memorysetup-temp-allocator-size-main=16777216"
    "memorysetup-job-temp-allocator-block-size=2097152"
    "memorysetup-job-temp-allocator-block-size-background=1048576"
    "memorysetup-job-temp-allocator-reduction-small-platforms=262144"
    "memorysetup-temp-allocator-size-background-worker=32768"
    "memorysetup-temp-allocator-size-job-worker=262144"
    "memorysetup-temp-allocator-size-preload-manager=33554432"
    "memorysetup-temp-allocator-size-nav-mesh-worker=65536"
    "memorysetup-temp-allocator-size-audio-worker=65536"
    "memorysetup-temp-allocator-size-cloud-worker=32768"
    "memorysetup-temp-allocator-size-gi-baking-worker=262144"
    "memorysetup-temp-allocator-size-gfx=262144"
AS: AutoStreaming module initializing.
Refreshing native plugins compatible for Editor in 99.03 ms, found 3 plugins.
Preloading 0 native plugins for Editor in 0.00 ms.
Initialize engine version: 2021.3.13f1c1 (07291ec823bf)
[Subsystems] Discovering subsystems at path E:/unity/2021.3.13f1c1/Editor/Data/Resources/UnitySubsystems
[Subsystems] Discovering subsystems at path D:/codehouse/unityprojet/Unity_Shader/Assets
GfxDevice: creating device client; threaded=0; jobified=0
Direct3D:
    Version:  Direct3D 11.0 [level 11.1]
    Renderer: Intel(R) UHD Graphics 630 (ID=0x9bc8)
    Vendor:   Intel
    VRAM:     8048 MB
    Driver:   27.20.100.9664
Initialize mono
Mono path[0] = 'E:/unity/2021.3.13f1c1/Editor/Data/Managed'
Mono path[1] = 'E:/unity/2021.3.13f1c1/Editor/Data/MonoBleedingEdge/lib/mono/unityjit-win32'
Mono config path = 'E:/unity/2021.3.13f1c1/Editor/Data/MonoBleedingEdge/etc'
Using monoOptions --debugger-agent=transport=dt_socket,embedding=1,server=y,suspend=n,address=127.0.0.1:56740
Begin MonoManager ReloadAssembly
Registering precompiled unity dll's ...
Register platform support module: E:/unity/2021.3.13f1c1/Editor/Data/PlaybackEngines/WindowsStandaloneSupport/UnityEditor.WindowsStandalone.Extensions.dll
Registered in 0.020168 seconds.
Native extension for WindowsStandalone target not found
Refreshing native plugins compatible for Editor in 71.15 ms, found 3 plugins.
Preloading 0 native plugins for Editor in 0.00 ms.
Mono: successfully reloaded assembly
- Completed reload, in  1.063 seconds
Domain Reload Profiling:
	ReloadAssembly (1063ms)
		BeginReloadAssembly (523ms)
			ExecutionOrderSort (0ms)
			DisableScriptedObjects (0ms)
			BackupInstance (0ms)
			ReleaseScriptingObjects (0ms)
			CreateAndSetChildDomain (1ms)
		EndReloadAssembly (414ms)
			LoadAssemblies (520ms)
			RebuildTransferFunctionScriptingTraits (0ms)
			SetupTypeCache (93ms)
			ReleaseScriptCaches (0ms)
			RebuildScriptCaches (28ms)
			SetupLoadedEditorAssemblies (245ms)
				LogAssemblyErrors (0ms)
				InitializePlatformSupportModulesInManaged (6ms)
				SetLoadedEditorAssemblies (0ms)
				RefreshPlugins (71ms)
				BeforeProcessingInitializeOnLoad (2ms)
				ProcessInitializeOnLoadAttributes (116ms)
				ProcessInitializeOnLoadMethodAttributes (49ms)
				AfterProcessingInitializeOnLoad (0ms)
				EditorAssembliesLoaded (0ms)
			ExecutionOrderSort2 (0ms)
			AwakeInstancesAfterBackupRestoration (0ms)
Platform modules already initialized, skipping
Registering precompiled user dll's ...
Registered in 0.008588 seconds.
Begin MonoManager ReloadAssembly
Symbol file LoadedFromMemory doesn't match image D:\codehouse\unityprojet\Unity_Shader\Library\PackageCache\com.unity.visualscripting@1.7.8\Editor\VisualScripting.Core\Dependencies\YamlDotNet\Unity.VisualScripting.YamlDotNet.dll
Symbol file LoadedFromMemory doesn't match image D:\codehouse\unityprojet\Unity_Shader\Library\PackageCache\com.unity.visualscripting@1.7.8\Editor\VisualScripting.Core\Dependencies\DotNetZip\Unity.VisualScripting.IonicZip.dll
Native extension for WindowsStandalone target not found
Refreshing native plugins compatible for Editor in 0.59 ms, found 3 plugins.
Preloading 0 native plugins for Editor in 0.00 ms.
Mono: successfully reloaded assembly
- Completed reload, in  1.583 seconds
Domain Reload Profiling:
	ReloadAssembly (1584ms)
		BeginReloadAssembly (105ms)
			ExecutionOrderSort (0ms)
			DisableScriptedObjects (5ms)
			BackupInstance (0ms)
			ReleaseScriptingObjects (0ms)
			CreateAndSetChildDomain (18ms)
		EndReloadAssembly (1294ms)
			LoadAssemblies (510ms)
			RebuildTransferFunctionScriptingTraits (0ms)
			SetupTypeCache (244ms)
			ReleaseScriptCaches (1ms)
			RebuildScriptCaches (55ms)
			SetupLoadedEditorAssemblies (448ms)
				LogAssemblyErrors (0ms)
				InitializePlatformSupportModulesInManaged (4ms)
				SetLoadedEditorAssemblies (0ms)
				RefreshPlugins (1ms)
				BeforeProcessingInitializeOnLoad (81ms)
				ProcessInitializeOnLoadAttributes (262ms)
				ProcessInitializeOnLoadMethodAttributes (92ms)
				AfterProcessingInitializeOnLoad (7ms)
				EditorAssembliesLoaded (0ms)
			ExecutionOrderSort2 (0ms)
			AwakeInstancesAfterBackupRestoration (5ms)
Platform modules already initialized, skipping
========================================================================
Worker process is ready to serve import requests
Launched and connected shader compiler UnityShaderCompiler.exe after 0.09 seconds
Refreshing native plugins compatible for Editor in 0.53 ms, found 3 plugins.
Preloading 0 native plugins for Editor in 0.00 ms.
Unloading 3349 Unused Serialized files (Serialized files now loaded: 0)
Unloading 27 unused Assets / (113.4 KB). Loaded Objects now: 3807.
Memory consumption went from 115.3 MB to 115.2 MB.
Total: 2.925900 ms (FindLiveObjects: 0.330200 ms CreateObjectMapping: 0.198800 ms MarkObjects: 2.292600 ms  DeleteObjects: 0.103700 ms)

AssetImportParameters requested are different than current active one (requested -> active):
  custom:video-decoder-ogg-theora: a1e56fd34408186e4bbccfd4996cb3dc -> 
  custom:container-muxer-webm: aa71ff27fc2769a1b78a27578f13a17b -> 
  custom:container-demuxer-webm: 4f35f7cbe854078d1ac9338744f61a02 -> 
  custom:video-encoder-webm-vp8: eb34c28f22e8b96e1ab97ce403110664 -> 
  custom:audio-encoder-webm-vorbis: bf7c407c2cedff20999df2af8eb42d56 -> 
  custom:framework-win-MediaFoundation: 216162199b28c13a410421893ffa2e32 -> 
  custom:container-demuxer-ogg: 62fdf1f143b41e24485cea50d1cbac27 -> 
  custom:video-decoder-webm-vp8: 9c59270c3fd7afecdb556c50c9e8de78 -> 
  custom:audio-decoder-ogg-vorbis: bf7c407c2cedff20999df2af8eb42d56 -> 
========================================================================
Received Import Request.
  Time since last request: 338594.497796 seconds.
  path: Assets/Test1/Scene1.unity
  artifactKey: Guid(38503ee62887fa244ab3fbab40df4599) Importer(815301076,1909f56bfc062723c751e8b465ee728b)
Start importing Assets/Test1/Scene1.unity using Guid(38503ee62887fa244ab3fbab40df4599) Importer(815301076,1909f56bfc062723c751e8b465ee728b)  -> (artifact id: 'd1e74d575e2e0125e0e6f7162c58d740') in 0.056120 seconds 
========================================================================
Received Import Request.
  Time since last request: 7.775768 seconds.
  path: Assets/Test1/Scene1_Base.unity
  artifactKey: Guid(38503ee62887fa244ab3fbab40df4599) Importer(815301076,1909f56bfc062723c751e8b465ee728b)
Start importing Assets/Test1/Scene1_Base.unity using Guid(38503ee62887fa244ab3fbab40df4599) Importer(815301076,1909f56bfc062723c751e8b465ee728b)  -> (artifact id: 'a680040e61048d8528dca92a1ac3d7ed') in 0.009046 seconds 
========================================================================
Received Import Request.
  Time since last request: 7.352057 seconds.
  path: Assets/Test1
  artifactKey: Guid(f0626840ca696ef4ca95100e7c8dd875) Importer(815301076,1909f56bfc062723c751e8b465ee728b)
Start importing Assets/Test1 using Guid(f0626840ca696ef4ca95100e7c8dd875) Importer(815301076,1909f56bfc062723c751e8b465ee728b)  -> (artifact id: '60c6adbdd21fc3b8e35fc67cf4dca9c6') in 0.009245 seconds 
========================================================================
Received Import Request.
  Time since last request: 11.684542 seconds.
  path: Assets/Test1/Material
  artifactKey: Guid(c16c863f4a8811e4e865045b9bb41dfe) Importer(815301076,1909f56bfc062723c751e8b465ee728b)
Start importing Assets/Test1/Material using Guid(c16c863f4a8811e4e865045b9bb41dfe) Importer(815301076,1909f56bfc062723c751e8b465ee728b)  -> (artifact id: '12962b8c55437d1eaa9e26c57d8b6e6f') in 0.008294 seconds 
========================================================================
Received Import Request.
  Time since last request: 18.822059 seconds.
  path: Assets/Test1/Material/test1.mat
  artifactKey: Guid(2ebdc32ffa9d9884c9e6fb59b40efb36) Importer(815301076,1909f56bfc062723c751e8b465ee728b)
Start importing Assets/Test1/Material/test1.mat using Guid(2ebdc32ffa9d9884c9e6fb59b40efb36) Importer(815301076,1909f56bfc062723c751e8b465ee728b)  -> (artifact id: '0e93687c97898b76daa3a50653d6a0d8') in 0.361598 seconds 
========================================================================
Received Import Request.
  Time since last request: 11.804597 seconds.
  path: Assets/Test1/Shader
  artifactKey: Guid(9bb4846ae9ee3814fa6d768b639d80c8) Importer(815301076,1909f56bfc062723c751e8b465ee728b)
Start importing Assets/Test1/Shader using Guid(9bb4846ae9ee3814fa6d768b639d80c8) Importer(815301076,1909f56bfc062723c751e8b465ee728b)  -> (artifact id: '15f93fde4bf09528b9f430c4777696b0') in 0.009104 seconds 
========================================================================
Received Import Request.
  Time since last request: 1215.173536 seconds.
  path: Assets/Test1/Shader/test1.shader
  artifactKey: Guid(6c1175c27aff5474193d0e028e62500a) Importer(815301076,1909f56bfc062723c751e8b465ee728b)
Start importing Assets/Test1/Shader/test1.shader using Guid(6c1175c27aff5474193d0e028e62500a) Importer(815301076,1909f56bfc062723c751e8b465ee728b)  -> (artifact id: '001ea268871aa14574529b39c8a26863') in 0.006884 seconds 
